[21:59:50] [main/INFO]: Setting user: ForgeDevName
[21:59:53] [Client thread/INFO]: LWJGL Version: 2.9.1
[22:00:04] [Client thread/INFO]: Reloading ResourceManager: Default, FMLFileResourcePack:Forge Mod Loader, FMLFileResourcePack:Minecraft Forge, FMLFileResourcePack:Lets Mod Reboot
[22:00:05] [Sound Library Loader/INFO]: Sound engine started
[22:00:08] [Client thread/INFO]: Created: 512x256 textures/blocks-atlas
[22:00:08] [Client thread/INFO]: Created: 256x256 textures/items-atlas
[22:00:08] [Client thread/INFO]: Reloading ResourceManager: Default, FMLFileResourcePack:Forge Mod Loader, FMLFileResourcePack:Minecraft Forge, FMLFileResourcePack:Lets Mod Reboot
[22:00:08] [Client thread/INFO]: Created: 256x256 textures/items-atlas
[22:00:09] [Client thread/INFO]: Created: 512x256 textures/blocks-atlas
[22:00:10] [Sound Library Loader/INFO]: Sound engine started
[22:00:15] [Server thread/INFO]: Starting integrated minecraft server version 1.7.10
[22:00:15] [Server thread/INFO]: Generating keypair
[22:00:16] [Server thread/INFO]: Preparing start region for level 0
[22:00:16] [Server thread/INFO]: Changing view distance to 12, from 10
[22:00:17] [Server thread/INFO]: ForgeDevName[local:E:79606f93] logged in with entity id 0 at (241.7912390286981, 64.0, -452.49483407725177)
[22:00:17] [Server thread/INFO]: ForgeDevName joined the game
[22:00:49] [Server thread/INFO]: [ForgeDevName: Given [Maple Leaf] * 1 to ForgeDevName]
[22:00:49] [Client thread/INFO]: [CHAT] Given [Maple Leaf] * 1 to ForgeDevName
[22:00:50] [Server thread/INFO]: Saving and pausing game...
[22:00:50] [Server thread/INFO]: Saving chunks for level 'Mod Test'/Overworld
[22:00:50] [Server thread/INFO]: Saving chunks for level 'Mod Test'/Nether
[22:00:50] [Server thread/INFO]: Saving chunks for level 'Mod Test'/The End
[22:00:53] [Server thread/INFO]: Stopping server
[22:00:53] [Server thread/INFO]: Saving players
[22:00:53] [Server thread/INFO]: Saving worlds
[22:00:53] [Server thread/INFO]: Saving chunks for level 'Mod Test'/Overworld
[22:00:53] [Server thread/INFO]: Saving chunks for level 'Mod Test'/Nether
[22:00:53] [Server thread/INFO]: Saving chunks for level 'Mod Test'/The End
[22:00:54] [Client thread/INFO]: Stopping!
